<?xml version="1.0" encoding="utf-8"?><testsuites name="pytest tests"><testsuite name="pytest" errors="0" failures="0" skipped="0" tests="46" time="94.344" timestamp="2026-06-12T11:20:10.526302+00:00" hostname="agent-env-7c30482d-bb2d-4e04-a282-f124a53f3860"><testcase classname="backend.tests.backend_test.TestAuth" name="test_login_admin" time="0.355" /><testcase classname="backend.tests.backend_test.TestAuth" name="test_login_docente" time="0.322" /><testcase classname="backend.tests.backend_test.TestAuth" name="test_login_super" time="0.323" /><testcase classname="backend.tests.backend_test.TestAuth" name="test_login_wrong_password" time="0.320" /><testcase classname="backend.tests.backend_test.TestAuth" name="test_me_with_token" time="0.417" /><testcase classname="backend.tests.backend_test.TestAuth" name="test_me_without_token" time="0.097" /><testcase classname="backend.tests.backend_test.TestRoleIsolation" name="test_docente_can_read_docenti" time="0.428" /><testcase classname="backend.tests.backend_test.TestRoleIsolation" name="test_docente_can_read_clienti" time="0.092" /><testcase classname="backend.tests.backend_test.TestRoleIsolation" name="test_docente_cannot_create_cliente" time="0.096" /><testcase classname="backend.tests.backend_test.TestRoleIsolation" name="test_docente_cannot_create_docente" time="0.094" /><testcase classname="backend.tests.backend_test.TestRoleIsolation" name="test_docente_cannot_create_studio" time="0.097" /><testcase classname="backend.tests.backend_test.TestStudiosAndScoping" name="test_super_list_studios" time="0.408" /><testcase classname="backend.tests.backend_test.TestStudiosAndScoping" name="test_admin_cannot_list_studios" time="0.096" /><testcase classname="backend.tests.backend_test.TestStudiosAndScoping" name="test_create_and_delete_studio_and_isolation" time="1.048" /><testcase classname="backend.tests.backend_test.TestClientiCRUD" name="test_crud_clienti" time="0.505" /><testcase classname="backend.tests.backend_test.TestDocentiCRUD" name="test_create_update_delete" time="0.651" /><testcase classname="backend.tests.backend_test.TestOrari" name="test_docente_lists_only_own" time="0.098" /><testcase classname="backend.tests.backend_test.TestOrari" name="test_docente_create_orario_and_invalid" time="0.284" /><testcase classname="backend.tests.backend_test.TestOrari" name="test_admin_creates_for_docente" time="0.286" /><testcase classname="backend.tests.backend_test.TestAppuntamenti" name="test_create_overlap_and_disponibilita" time="0.770" /><testcase classname="backend.tests.backend_test.TestDashboard" name="test_admin_stats" time="0.106" /><testcase classname="backend.tests.backend_test.TestDashboard" name="test_docente_stats" time="0.099" /><testcase classname="backend.tests.test_iter2_features.TestSlotMinuti" name="test_create_docente_with_slot_minuti" time="1.023" /><testcase classname="backend.tests.test_iter2_features.TestSlotMinuti" name="test_default_slot_minuti_is_60" time="0.428" /><testcase classname="backend.tests.test_iter2_features.TestDisponibilitaSlot" name="test_disponibilita_uses_docente_default_slot" time="0.299" /><testcase classname="backend.tests.test_iter2_features.TestDocenteAlunni" name="test_list_alunni_demo_docente_has_two" time="0.101" /><testcase classname="backend.tests.test_iter2_features.TestDocenteAlunni" name="test_docente_can_list_own_alunni" time="0.423" /><testcase classname="backend.tests.test_iter2_features.TestDocenteAlunni" name="test_docente_cannot_list_other_docente_alunni" time="0.515" /><testcase classname="backend.tests.test_iter2_features.TestDocenteAlunni" name="test_associa_disassocia_alunno" time="36.870" /><testcase classname="backend.tests.test_iter2_features.TestDocenteAlunni" name="test_delete_cliente_cleans_associations" time="0.467" /><testcase classname="backend.tests.test_iter2_features.TestDocenteAlunni" name="test_delete_docente_cleans_associations" time="0.905" /><testcase classname="backend.tests.test_iter2_features.TestClientiFilter" name="test_admin_clienti_filter_by_docente" time="0.192" /><testcase classname="backend.tests.test_iter2_features.TestClientiFilter" name="test_docente_sees_only_associated_clienti" time="0.090" /><testcase classname="backend.tests.test_iter3_features.TestMaterie" name="test_admin_can_list_materie" time="0.423" /><testcase classname="backend.tests.test_iter3_features.TestMaterie" name="test_docente_can_list_materie" time="0.416" /><testcase classname="backend.tests.test_iter3_features.TestMaterie" name="test_docente_cannot_create_materia" time="0.097" /><testcase classname="backend.tests.test_iter3_features.TestMaterie" name="test_create_materia_unique_and_patch_delete" time="0.845" /><testcase classname="backend.tests.test_iter3_features.TestDocenteMaterie" name="test_associa_disassocia" time="0.805" /><testcase classname="backend.tests.test_iter3_features.TestDocenteMaterie" name="test_delete_materia_cleans_associations" time="0.489" /><testcase classname="backend.tests.test_iter3_features.TestDocenteMaterie" name="test_delete_docente_cleans_materie_associations" time="1.386" /><testcase classname="backend.tests.test_iter3_features.TestBulkAppuntamenti" name="test_bulk_create_3_slots" time="0.494" /><testcase classname="backend.tests.test_iter3_features.TestBulkAppuntamenti" name="test_bulk_skip_overlap" time="0.604" /><testcase classname="backend.tests.test_iter3_features.TestBulkAppuntamenti" name="test_bulk_with_nuovo_cliente_creates_and_associates" time="0.499" /><testcase classname="backend.tests.test_iter3_features.TestBulkAppuntamenti" name="test_bulk_without_cliente_400" time="0.102" /><testcase classname="backend.tests.test_iter3_features.TestBulkAppuntamenti" name="test_bulk_as_docente_forces_self" time="39.584" /><testcase classname="backend.tests.test_iter3_features.TestBulkAppuntamenti" name="test_bulk_invalid_time_range_skips" time="0.204" /></testsuite></testsuites>