<?xml version="1.0" encoding="utf-8"?><testsuites name="pytest tests"><testsuite name="pytest" errors="0" failures="0" skipped="0" tests="11" time="4.946" timestamp="2026-06-12T16:56:35.342536+00:00" hostname="agent-env-7c30482d-bb2d-4e04-a282-f124a53f3860"><testcase classname="backend.tests.test_iter7_reports" name="test_root_ok" time="0.252" /><testcase classname="backend.tests.test_iter7_reports" name="test_pdf_week_no_filter" time="0.476" /><testcase classname="backend.tests.test_iter7_reports" name="test_pdf_day_filename" time="0.100" /><testcase classname="backend.tests.test_iter7_reports" name="test_pdf_month_label" time="0.104" /><testcase classname="backend.tests.test_iter7_reports" name="test_pdf_docente_filter" time="0.301" /><testcase classname="backend.tests.test_iter7_reports" name="test_pdf_docente_id_not_found" time="0.557" /><testcase classname="backend.tests.test_iter7_reports" name="test_pdf_docente_role_ignores_docente_id" time="2.039" /><testcase classname="backend.tests.test_iter7_reports" name="test_pdf_super_admin_forbidden" time="0.501" /><testcase classname="backend.tests.test_iter7_reports" name="test_pdf_invalid_period" time="0.100" /><testcase classname="backend.tests.test_iter7_reports" name="test_regression_dashboard" time="0.122" /><testcase classname="backend.tests.test_iter7_reports" name="test_regression_disponibilita" time="0.224" /></testsuite></testsuites>