<?xml version="1.0" encoding="utf-8"?><testsuites name="pytest tests"><testsuite name="pytest" errors="0" failures="0" skipped="0" tests="13" time="7.323" timestamp="2026-06-12T11:19:58.430252+00:00" hostname="agent-env-7c30482d-bb2d-4e04-a282-f124a53f3860"><testcase classname="backend.tests.test_iter3_features.TestMaterie" name="test_admin_can_list_materie" time="0.546" /><testcase classname="backend.tests.test_iter3_features.TestMaterie" name="test_docente_can_list_materie" time="0.453" /><testcase classname="backend.tests.test_iter3_features.TestMaterie" name="test_docente_cannot_create_materia" time="0.095" /><testcase classname="backend.tests.test_iter3_features.TestMaterie" name="test_create_materia_unique_and_patch_delete" time="0.676" /><testcase classname="backend.tests.test_iter3_features.TestDocenteMaterie" name="test_associa_disassocia" time="0.865" /><testcase classname="backend.tests.test_iter3_features.TestDocenteMaterie" name="test_delete_materia_cleans_associations" time="0.570" /><testcase classname="backend.tests.test_iter3_features.TestDocenteMaterie" name="test_delete_docente_cleans_materie_associations" time="1.333" /><testcase classname="backend.tests.test_iter3_features.TestBulkAppuntamenti" name="test_bulk_create_3_slots" time="0.515" /><testcase classname="backend.tests.test_iter3_features.TestBulkAppuntamenti" name="test_bulk_skip_overlap" time="0.621" /><testcase classname="backend.tests.test_iter3_features.TestBulkAppuntamenti" name="test_bulk_with_nuovo_cliente_creates_and_associates" time="0.486" /><testcase classname="backend.tests.test_iter3_features.TestBulkAppuntamenti" name="test_bulk_without_cliente_400" time="0.116" /><testcase classname="backend.tests.test_iter3_features.TestBulkAppuntamenti" name="test_bulk_as_docente_forces_self" time="0.747" /><testcase classname="backend.tests.test_iter3_features.TestBulkAppuntamenti" name="test_bulk_invalid_time_range_skips" time="0.193" /></testsuite></testsuites>