<?xml version="1.0" encoding="utf-8"?><testsuites name="pytest tests"><testsuite name="pytest" errors="0" failures="2" skipped="0" tests="11" time="11.499" timestamp="2026-06-29T16:05:48.469031+00:00" hostname="agent-env-7c30482d-bb2d-4e04-a282-f124a53f3860"><testcase classname="backend.tests.test_iter9_tipologia" name="test_seed_three_studios_tipologia" time="2.553" /><testcase classname="backend.tests.test_iter9_tipologia" name="test_clienti_centro_studi_docente_sees_all" time="0.207" /><testcase classname="backend.tests.test_iter9_tipologia" name="test_clienti_legale_avvocato_only_associated" time="0.551" /><testcase classname="backend.tests.test_iter9_tipologia" name="test_clienti_medico_only_associated" time="0.124" /><testcase classname="backend.tests.test_iter9_tipologia" name="test_bulk_centro_studi_no_auto_association" time="0.798" /><testcase classname="backend.tests.test_iter9_tipologia" name="test_bulk_studio_legale_creates_association" time="0.764" /><testcase classname="backend.tests.test_iter9_tipologia" name="test_appuntamento_materia_id_hydration" time="0.872"><failure message="AssertionError: assert None == 'Geografia'&#10; +  where None = &lt;built-in method get of dict object at 0xff4930ab7980&gt;('materia_descrizione')&#10; +    where &lt;built-in method get of dict object at 0xff4930ab7980&gt; = {'al': '12:00', 'cliente_id': '14e7b9dc-663d-4b86-925b-30e3fe24134b', 'cliente_nome': 'Pasquale Della Porta', 'created_at': '2026-06-29T16:05:54.184482Z', ...}.get">backend/tests/test_iter9_tipologia.py:234: in test_appuntamento_materia_id_hydration
    assert a.get("materia_descrizione") == materia_desc
E   AssertionError: assert None == 'Geografia'
E    +  where None = &lt;built-in method get of dict object at 0xff4930ab7980&gt;('materia_descrizione')
E    +    where &lt;built-in method get of dict object at 0xff4930ab7980&gt; = {'al': '12:00', 'cliente_id': '14e7b9dc-663d-4b86-925b-30e3fe24134b', 'cliente_nome': 'Pasquale Della Porta', 'created_at': '2026-06-29T16:05:54.184482Z', ...}.get</failure></testcase><testcase classname="backend.tests.test_iter9_tipologia" name="test_bulk_materia_id_applied_to_all" time="0.854" /><testcase classname="backend.tests.test_iter9_tipologia" name="test_pdf_has_materia_column" time="1.028" /><testcase classname="backend.tests.test_iter9_tipologia" name="test_pdf_merge_skips_different_materia" time="1.095" /><testcase classname="backend.tests.test_iter9_tipologia" name="test_super_admin_create_studio_tipologia" time="2.529"><failure message="AssertionError: BUG: POST /api/studios non persiste tipologia. Got: centro_studi&#10;assert 'centro_studi' == 'studio_legale'&#10;  &#10;  - studio_legale&#10;  + centro_studi">backend/tests/test_iter9_tipologia.py:377: in test_super_admin_create_studio_tipologia
    assert r.json().get("tipologia") == "studio_legale", \
E   AssertionError: BUG: POST /api/studios non persiste tipologia. Got: centro_studi
E   assert 'centro_studi' == 'studio_legale'
E     
E     - studio_legale
E     + centro_studi</failure></testcase></testsuite></testsuites>