<?xml version="1.0" encoding="utf-8"?><testsuites name="pytest tests"><testsuite name="pytest" errors="0" failures="1" skipped="0" tests="57" time="106.078" timestamp="2026-06-12T12:43:33.416623+00:00" hostname="agent-env-7c30482d-bb2d-4e04-a282-f124a53f3860"><testcase classname="backend.tests.backend_test.TestAuth" name="test_login_admin" time="0.381" /><testcase classname="backend.tests.backend_test.TestAuth" name="test_login_docente" time="0.324" /><testcase classname="backend.tests.backend_test.TestAuth" name="test_login_super" time="0.316" /><testcase classname="backend.tests.backend_test.TestAuth" name="test_login_wrong_password" time="0.334" /><testcase classname="backend.tests.backend_test.TestAuth" name="test_me_with_token" time="0.421" /><testcase classname="backend.tests.backend_test.TestAuth" name="test_me_without_token" time="0.094" /><testcase classname="backend.tests.backend_test.TestRoleIsolation" name="test_docente_can_read_docenti" time="0.422" /><testcase classname="backend.tests.backend_test.TestRoleIsolation" name="test_docente_can_read_clienti" time="0.104" /><testcase classname="backend.tests.backend_test.TestRoleIsolation" name="test_docente_cannot_create_cliente" time="0.126" /><testcase classname="backend.tests.backend_test.TestRoleIsolation" name="test_docente_cannot_create_docente" time="0.095" /><testcase classname="backend.tests.backend_test.TestRoleIsolation" name="test_docente_cannot_create_studio" time="0.102" /><testcase classname="backend.tests.backend_test.TestStudiosAndScoping" name="test_super_list_studios" time="0.417" /><testcase classname="backend.tests.backend_test.TestStudiosAndScoping" name="test_admin_cannot_list_studios" time="0.093" /><testcase classname="backend.tests.backend_test.TestStudiosAndScoping" name="test_create_and_delete_studio_and_isolation" time="1.056" /><testcase classname="backend.tests.backend_test.TestClientiCRUD" name="test_crud_clienti" time="0.496" /><testcase classname="backend.tests.backend_test.TestDocentiCRUD" name="test_create_update_delete" time="0.662" /><testcase classname="backend.tests.backend_test.TestOrari" name="test_docente_lists_only_own" time="0.094" /><testcase classname="backend.tests.backend_test.TestOrari" name="test_docente_create_orario_and_invalid" time="0.287" /><testcase classname="backend.tests.backend_test.TestOrari" name="test_admin_creates_for_docente" time="0.286" /><testcase classname="backend.tests.backend_test.TestAppuntamenti" name="test_create_overlap_and_disponibilita" time="0.789" /><testcase classname="backend.tests.backend_test.TestDashboard" name="test_admin_stats" time="0.100" /><testcase classname="backend.tests.backend_test.TestDashboard" name="test_docente_stats" time="0.101" /><testcase classname="backend.tests.test_iter2_features.TestSlotMinuti" name="test_create_docente_with_slot_minuti" time="1.043" /><testcase classname="backend.tests.test_iter2_features.TestSlotMinuti" name="test_default_slot_minuti_is_60" time="0.423" /><testcase classname="backend.tests.test_iter2_features.TestDisponibilitaSlot" name="test_disponibilita_uses_docente_default_slot" time="0.305" /><testcase classname="backend.tests.test_iter2_features.TestDocenteAlunni" name="test_list_alunni_demo_docente_has_two" time="0.100" /><testcase classname="backend.tests.test_iter2_features.TestDocenteAlunni" name="test_docente_can_list_own_alunni" time="0.414" /><testcase classname="backend.tests.test_iter2_features.TestDocenteAlunni" name="test_docente_cannot_list_other_docente_alunni" time="0.519" /><testcase classname="backend.tests.test_iter2_features.TestDocenteAlunni" name="test_associa_disassocia_alunno" time="77.489" /><testcase classname="backend.tests.test_iter2_features.TestDocenteAlunni" name="test_delete_cliente_cleans_associations" time="0.408" /><testcase classname="backend.tests.test_iter2_features.TestDocenteAlunni" name="test_delete_docente_cleans_associations" time="0.935" /><testcase classname="backend.tests.test_iter2_features.TestClientiFilter" name="test_admin_clienti_filter_by_docente" time="0.196" /><testcase classname="backend.tests.test_iter2_features.TestClientiFilter" name="test_docente_sees_only_associated_clienti" time="0.114"><failure message="AssertionError: assert 3 == 2&#10; +  where 3 = len([{'cap': None, 'cellulare': '+39 333 2222222', 'cognome': 'Neri', 'created_at': '2026-06-12T10:36:43.369255Z', ...}, {'cap': None, 'cellulare': None, 'cognome': 'TEST_Bulk', 'created_at': '2026-06-12T11:25:40.105873Z', ...}, {'cap': None, 'cellulare': '+39 333 1111111', 'cognome': 'Verdi', 'created_at': '2026-06-12T10:36:43.369246Z', ...}])">backend/tests/test_iter2_features.py:222: in test_docente_sees_only_associated_clienti
    assert len(items) == 2
E   AssertionError: assert 3 == 2
E    +  where 3 = len([{'cap': None, 'cellulare': '+39 333 2222222', 'cognome': 'Neri', 'created_at': '2026-06-12T10:36:43.369255Z', ...}, {'cap': None, 'cellulare': None, 'cognome': 'TEST_Bulk', 'created_at': '2026-06-12T11:25:40.105873Z', ...}, {'cap': None, 'cellulare': '+39 333 1111111', 'cognome': 'Verdi', 'created_at': '2026-06-12T10:36:43.369246Z', ...}])</failure></testcase><testcase classname="backend.tests.test_iter3_features.TestMaterie" name="test_admin_can_list_materie" time="0.426" /><testcase classname="backend.tests.test_iter3_features.TestMaterie" name="test_docente_can_list_materie" time="0.421" /><testcase classname="backend.tests.test_iter3_features.TestMaterie" name="test_docente_cannot_create_materia" time="0.094" /><testcase classname="backend.tests.test_iter3_features.TestMaterie" name="test_create_materia_unique_and_patch_delete" time="0.611" /><testcase classname="backend.tests.test_iter3_features.TestDocenteMaterie" name="test_associa_disassocia" time="0.798" /><testcase classname="backend.tests.test_iter3_features.TestDocenteMaterie" name="test_delete_materia_cleans_associations" time="0.550" /><testcase classname="backend.tests.test_iter3_features.TestDocenteMaterie" name="test_delete_docente_cleans_materie_associations" time="1.443" /><testcase classname="backend.tests.test_iter3_features.TestBulkAppuntamenti" name="test_bulk_create_3_slots" time="0.520" /><testcase classname="backend.tests.test_iter3_features.TestBulkAppuntamenti" name="test_bulk_skip_overlap" time="0.581" /><testcase classname="backend.tests.test_iter3_features.TestBulkAppuntamenti" name="test_bulk_with_nuovo_cliente_creates_and_associates" time="0.501" /><testcase classname="backend.tests.test_iter3_features.TestBulkAppuntamenti" name="test_bulk_without_cliente_400" time="0.110" /><testcase classname="backend.tests.test_iter3_features.TestBulkAppuntamenti" name="test_bulk_as_docente_forces_self" time="0.720" /><testcase classname="backend.tests.test_iter3_features.TestBulkAppuntamenti" name="test_bulk_invalid_time_range_skips" time="0.216" /><testcase classname="backend.tests.test_iter4_features.TestCreateDocenteWithMaterie" name="test_create_with_2_materia_ids" time="1.424" /><testcase classname="backend.tests.test_iter4_features.TestCreateDocenteWithMaterie" name="test_create_without_materia_ids_has_none" time="0.627" /><testcase classname="backend.tests.test_iter4_features.TestCreateDocenteWithMaterie" name="test_create_with_empty_list" time="0.637" /><testcase classname="backend.tests.test_iter4_features.TestPatchDocenteWithMaterie" name="test_patch_replaces_associations" time="1.040" /><testcase classname="backend.tests.test_iter4_features.TestPatchDocenteWithMaterie" name="test_patch_empty_list_clears" time="0.836" /><testcase classname="backend.tests.test_iter4_features.TestPatchDocenteWithMaterie" name="test_patch_without_materia_ids_leaves_unchanged" time="0.746" /><testcase classname="backend.tests.test_iter4_features.TestPatchDocenteWithMaterie" name="test_patch_only_password" time="1.192" /><testcase classname="backend.tests.test_iter4_features.TestPatchDocenteWithMaterie" name="test_patch_base_fields_no_password" time="0.619" /><testcase classname="backend.tests.test_iter4_features.TestPatchDocenteWithMaterie" name="test_patch_password_and_materia_ids_together" time="1.259" /><testcase classname="backend.tests.test_iter4_features.TestDeleteCleanup" name="test_delete_docente_cleans_materie" time="1.148" /><testcase classname="backend.tests.test_iter4_features.TestDisponibilitaRegression" name="test_disponibilita_demo_today" time="0.391" /></testsuite></testsuites>