<?xml version="1.0" encoding="utf-8"?><testsuites name="pytest tests"><testsuite name="pytest" errors="0" failures="0" skipped="0" tests="11" time="53.575" timestamp="2026-06-29T16:10:52.911307+00:00" hostname="agent-env-7c30482d-bb2d-4e04-a282-f124a53f3860"><testcase classname="backend.tests.test_iter9_tipologia" name="test_seed_three_studios_tipologia" time="45.823" /><testcase classname="backend.tests.test_iter9_tipologia" name="test_clienti_centro_studi_docente_sees_all" time="0.205" /><testcase classname="backend.tests.test_iter9_tipologia" name="test_clienti_legale_avvocato_only_associated" time="0.578" /><testcase classname="backend.tests.test_iter9_tipologia" name="test_clienti_medico_only_associated" time="0.136" /><testcase classname="backend.tests.test_iter9_tipologia" name="test_bulk_centro_studi_no_auto_association" time="1.848" /><testcase classname="backend.tests.test_iter9_tipologia" name="test_bulk_studio_legale_creates_association" time="0.792" /><testcase classname="backend.tests.test_iter9_tipologia" name="test_appuntamento_materia_id_hydration" time="0.636" /><testcase classname="backend.tests.test_iter9_tipologia" name="test_bulk_materia_id_applied_to_all" time="0.998" /><testcase classname="backend.tests.test_iter9_tipologia" name="test_pdf_has_materia_column" time="0.940" /><testcase classname="backend.tests.test_iter9_tipologia" name="test_pdf_merge_skips_different_materia" time="0.899" /><testcase classname="backend.tests.test_iter9_tipologia" name="test_super_admin_create_studio_tipologia" time="0.653" /></testsuite></testsuites>