<?xml version="1.0" encoding="utf-8"?><testsuites name="pytest tests"><testsuite name="pytest" errors="0" failures="0" skipped="0" tests="33" time="12.227" timestamp="2026-06-12T11:04:04.233351+00:00" hostname="agent-env-7c30482d-bb2d-4e04-a282-f124a53f3860"><testcase classname="backend.tests.backend_test.TestAuth" name="test_login_admin" time="0.417" /><testcase classname="backend.tests.backend_test.TestAuth" name="test_login_docente" time="0.316" /><testcase classname="backend.tests.backend_test.TestAuth" name="test_login_super" time="0.321" /><testcase classname="backend.tests.backend_test.TestAuth" name="test_login_wrong_password" time="0.317" /><testcase classname="backend.tests.backend_test.TestAuth" name="test_me_with_token" time="0.417" /><testcase classname="backend.tests.backend_test.TestAuth" name="test_me_without_token" time="0.094" /><testcase classname="backend.tests.backend_test.TestRoleIsolation" name="test_docente_can_read_docenti" time="0.419" /><testcase classname="backend.tests.backend_test.TestRoleIsolation" name="test_docente_can_read_clienti" time="0.099" /><testcase classname="backend.tests.backend_test.TestRoleIsolation" name="test_docente_cannot_create_cliente" time="0.093" /><testcase classname="backend.tests.backend_test.TestRoleIsolation" name="test_docente_cannot_create_docente" time="0.106" /><testcase classname="backend.tests.backend_test.TestRoleIsolation" name="test_docente_cannot_create_studio" time="0.099" /><testcase classname="backend.tests.backend_test.TestStudiosAndScoping" name="test_super_list_studios" time="0.411" /><testcase classname="backend.tests.backend_test.TestStudiosAndScoping" name="test_admin_cannot_list_studios" time="0.093" /><testcase classname="backend.tests.backend_test.TestStudiosAndScoping" name="test_create_and_delete_studio_and_isolation" time="1.062" /><testcase classname="backend.tests.backend_test.TestClientiCRUD" name="test_crud_clienti" time="0.518" /><testcase classname="backend.tests.backend_test.TestDocentiCRUD" name="test_create_update_delete" time="0.652" /><testcase classname="backend.tests.backend_test.TestOrari" name="test_docente_lists_only_own" time="0.104" /><testcase classname="backend.tests.backend_test.TestOrari" name="test_docente_create_orario_and_invalid" time="0.286" /><testcase classname="backend.tests.backend_test.TestOrari" name="test_admin_creates_for_docente" time="0.279" /><testcase classname="backend.tests.backend_test.TestAppuntamenti" name="test_create_overlap_and_disponibilita" time="0.755" /><testcase classname="backend.tests.backend_test.TestDashboard" name="test_admin_stats" time="0.100" /><testcase classname="backend.tests.backend_test.TestDashboard" name="test_docente_stats" time="0.098" /><testcase classname="backend.tests.test_iter2_features.TestSlotMinuti" name="test_create_docente_with_slot_minuti" time="1.025" /><testcase classname="backend.tests.test_iter2_features.TestSlotMinuti" name="test_default_slot_minuti_is_60" time="0.414" /><testcase classname="backend.tests.test_iter2_features.TestDisponibilitaSlot" name="test_disponibilita_uses_docente_default_slot" time="0.289" /><testcase classname="backend.tests.test_iter2_features.TestDocenteAlunni" name="test_list_alunni_demo_docente_has_two" time="0.095" /><testcase classname="backend.tests.test_iter2_features.TestDocenteAlunni" name="test_docente_can_list_own_alunni" time="0.422" /><testcase classname="backend.tests.test_iter2_features.TestDocenteAlunni" name="test_docente_cannot_list_other_docente_alunni" time="0.518" /><testcase classname="backend.tests.test_iter2_features.TestDocenteAlunni" name="test_associa_disassocia_alunno" time="0.755" /><testcase classname="backend.tests.test_iter2_features.TestDocenteAlunni" name="test_delete_cliente_cleans_associations" time="0.383" /><testcase classname="backend.tests.test_iter2_features.TestDocenteAlunni" name="test_delete_docente_cleans_associations" time="0.906" /><testcase classname="backend.tests.test_iter2_features.TestClientiFilter" name="test_admin_clienti_filter_by_docente" time="0.189" /><testcase classname="backend.tests.test_iter2_features.TestClientiFilter" name="test_docente_sees_only_associated_clienti" time="0.094" /></testsuite></testsuites>