<?xml version="1.0" encoding="utf-8"?><testsuites name="pytest tests"><testsuite name="pytest" errors="0" failures="0" skipped="0" tests="12" time="3.217" timestamp="2026-06-30T15:33:26.176069+00:00" hostname="agent-env-7c30482d-bb2d-4e04-a282-f124a53f3860"><testcase classname="backend.tests.test_iter14_plan_quota.TestStudioPlan" name="test_demo_studio_starts_business" time="0.632" /><testcase classname="backend.tests.test_iter14_plan_quota.TestStudioPlan" name="test_quota_business_unlimited" time="0.459" /><testcase classname="backend.tests.test_iter14_plan_quota.TestStudioPlan" name="test_super_admin_patch_plan_to_free" time="0.124" /><testcase classname="backend.tests.test_iter14_plan_quota.TestStudioPlan" name="test_quota_free_used_exceeds_limit" time="0.105" /><testcase classname="backend.tests.test_iter14_plan_quota.TestStudioPlan" name="test_post_docenti_blocked_on_free" time="0.110" /><testcase classname="backend.tests.test_iter14_plan_quota.TestStudioPlan" name="test_super_admin_patch_plan_to_pro" time="0.132" /><testcase classname="backend.tests.test_iter14_plan_quota.TestStudioPlan" name="test_quota_pro_5_limit" time="0.107" /><testcase classname="backend.tests.test_iter14_plan_quota.TestStudioPlan" name="test_create_docente_works_on_pro" time="0.459" /><testcase classname="backend.tests.test_iter14_plan_quota.TestSuperAdminStudiosList" name="test_list_studios_includes_plan" time="0.114" /><testcase classname="backend.tests.test_iter14_plan_quota.TestSuperAdminStudiosList" name="test_patch_invalid_plan_rejected" time="0.100" /><testcase classname="backend.tests.test_iter14_plan_quota.TestRegressionLogin" name="test_admin_login_ok" time="0.344" /><testcase classname="backend.tests.test_iter14_plan_quota.TestRegressionLogin" name="test_super_login_ok" time="0.448" /></testsuite></testsuites>