<?xml version="1.0" encoding="utf-8"?><testsuites name="pytest tests"><testsuite name="pytest" errors="0" failures="0" skipped="0" tests="11" time="5.173" timestamp="2026-06-30T14:27:43.641295+00:00" hostname="agent-env-7c30482d-bb2d-4e04-a282-f124a53f3860"><testcase classname="backend.tests.test_iter13_landing_eccezioni.TestLeadsPublic" name="test_create_lead_no_auth" time="0.696" /><testcase classname="backend.tests.test_iter13_landing_eccezioni.TestLeadsPublic" name="test_create_lead_minimal" time="0.534" /><testcase classname="backend.tests.test_iter13_landing_eccezioni.TestLeadsPublic" name="test_create_lead_invalid_email" time="0.105" /><testcase classname="backend.tests.test_iter13_landing_eccezioni.TestEccezioni" name="test_list_eccezioni" time="0.487" /><testcase classname="backend.tests.test_iter13_landing_eccezioni.TestEccezioni" name="test_create_eccezione_requires_docente_id_for_admin" time="0.099" /><testcase classname="backend.tests.test_iter13_landing_eccezioni.TestEccezioni" name="test_full_eccezione_flow_and_blocking" time="1.057" /><testcase classname="backend.tests.test_iter13_landing_eccezioni.TestCancellationEmail" name="test_delete_appuntamento_sends_cancellation" time="1.340" /><testcase classname="backend.tests.test_iter13_landing_eccezioni.TestScheduler" name="test_scheduler_module_registers_job" time="0.057" /><testcase classname="backend.tests.test_iter13_landing_eccezioni.TestRegressions" name="test_login_admin" time="0.341" /><testcase classname="backend.tests.test_iter13_landing_eccezioni.TestRegressions" name="test_piva_update" time="0.116" /><testcase classname="backend.tests.test_iter13_landing_eccezioni.TestRegressions" name="test_pdf_report_week" time="0.160" /></testsuite></testsuites>