<?xml version="1.0" encoding="utf-8"?><testsuites name="pytest tests"><testsuite name="pytest" errors="0" failures="0" skipped="0" tests="6" time="3.198" timestamp="2026-06-30T11:02:24.564790+00:00" hostname="agent-env-7c30482d-bb2d-4e04-a282-f124a53f3860"><testcase classname="backend.tests.test_iter11_piva_pdf" name="test_get_studio_baseline" time="0.502" /><testcase classname="backend.tests.test_iter11_piva_pdf" name="test_patch_piva_only_persists" time="0.561" /><testcase classname="backend.tests.test_iter11_piva_pdf" name="test_patch_piva_with_email_null_no_422" time="0.522" /><testcase classname="backend.tests.test_iter11_piva_pdf" name="test_patch_email_empty_string_returns_422" time="0.416" /><testcase classname="backend.tests.test_iter11_piva_pdf" name="test_pdf_with_header_carta_intestata" time="0.636" /><testcase classname="backend.tests.test_iter11_piva_pdf" name="test_pdf_header_contains_anagrafica_text" time="0.496" /></testsuite></testsuites>