<?xml version="1.0" encoding="utf-8"?><testsuites name="pytest tests"><testsuite name="pytest" errors="0" failures="0" skipped="0" tests="6" time="3.595" timestamp="2026-07-01T09:33:45.361417+00:00" hostname="agent-env-7c30482d-bb2d-4e04-a282-f124a53f3860"><testcase classname="backend.tests.test_iter15_leads_upgrade.TestLeadsEndpoints" name="test_list_leads_super_admin_200" time="0.622" /><testcase classname="backend.tests.test_iter15_leads_upgrade.TestLeadsEndpoints" name="test_list_leads_admin_forbidden" time="0.464" /><testcase classname="backend.tests.test_iter15_leads_upgrade.TestLeadsEndpoints" name="test_create_patch_delete_lead" time="1.014" /><testcase classname="backend.tests.test_iter15_leads_upgrade.TestLeadsEndpoints" name="test_patch_lead_admin_forbidden" time="0.733" /><testcase classname="backend.tests.test_iter15_leads_upgrade.TestUpgradeQuota" name="test_set_free_then_create_docente_403" time="0.544" /><testcase classname="backend.tests.test_iter15_leads_upgrade.TestUpgradeQuota" name="test_restore_business_plan" time="0.155" /></testsuite></testsuites>