<?xml version="1.0" encoding="utf-8"?><testsuites name="pytest tests"><testsuite name="pytest" errors="0" failures="0" skipped="0" tests="12" time="5.403" timestamp="2026-07-01T15:49:20.000623+00:00" hostname="agent-env-7c30482d-bb2d-4e04-a282-f124a53f3860"><testcase classname="backend.tests.test_iter17_deps_removal_regression.TestAuthLogin" name="test_admin_login_returns_token" time="0.508" /><testcase classname="backend.tests.test_iter17_deps_removal_regression.TestAuthLogin" name="test_super_admin_login_returns_token" time="0.387" /><testcase classname="backend.tests.test_iter17_deps_removal_regression.TestAuthLogin" name="test_auth_me_admin" time="0.591" /><testcase classname="backend.tests.test_iter17_deps_removal_regression.TestAppuntamentiList" name="test_get_appuntamenti_admin" time="0.135" /><testcase classname="backend.tests.test_iter17_deps_removal_regression.TestAppuntamentoCreate" name="test_create_appuntamento_returns_201" time="1.615" /><testcase classname="backend.tests.test_iter17_deps_removal_regression.TestAppuntamentoCreate" name="test_create_appuntamento_time_validation" time="0.161" /><testcase classname="backend.tests.test_iter17_deps_removal_regression.TestReportsPDF" name="test_pdf_report_generation" time="0.231" /><testcase classname="backend.tests.test_iter17_deps_removal_regression.TestLeads" name="test_leads_list_super_admin" time="0.494" /><testcase classname="backend.tests.test_iter17_deps_removal_regression.TestLeads" name="test_leads_forbidden_for_admin" time="0.349" /><testcase classname="backend.tests.test_iter17_deps_removal_regression.TestQuota" name="test_get_studio_quota" time="0.166" /><testcase classname="backend.tests.test_iter17_deps_removal_regression.TestQuota" name="test_post_docente_quota_enforced" time="0.678" /><testcase classname="backend.tests.test_iter17_deps_removal_regression.TestSchedulerLog" name="test_reminder_scheduler_log_present" time="0.001" /></testsuite></testsuites>