<?xml version="1.0" encoding="utf-8"?><testsuites name="pytest tests"><testsuite name="pytest" errors="0" failures="0" skipped="0" tests="18" time="10.755" timestamp="2026-07-13T11:35:37.694539+00:00" hostname="agent-env-7c30482d-bb2d-4e04-a282-f124a53f3860"><testcase classname="backend.tests.test_iter18_onboarding_otp_stripe.TestOnboardingStartNew" name="test_start_new_creates_studio_and_admin" time="1.478" /><testcase classname="backend.tests.test_iter18_onboarding_otp_stripe.TestOnboardingStartNew" name="test_start_duplicate_email_returns_existing" time="0.652" /><testcase classname="backend.tests.test_iter18_onboarding_otp_stripe.TestOnboardingVerifyToken" name="test_verify_valid_token" time="0.047" /><testcase classname="backend.tests.test_iter18_onboarding_otp_stripe.TestOnboardingVerifyToken" name="test_verify_invalid_token" time="0.045" /><testcase classname="backend.tests.test_iter18_onboarding_otp_stripe.TestOnboardingComplete" name="test_complete_success" time="0.539" /><testcase classname="backend.tests.test_iter18_onboarding_otp_stripe.TestOnboardingComplete" name="test_complete_token_now_used" time="0.046" /><testcase classname="backend.tests.test_iter18_onboarding_otp_stripe.TestOtp" name="test_otp_request_unknown_email_returns_ok" time="0.045" /><testcase classname="backend.tests.test_iter18_onboarding_otp_stripe.TestOtp" name="test_otp_request_known_email_returns_ok" time="0.045" /><testcase classname="backend.tests.test_iter18_onboarding_otp_stripe.TestOtp" name="test_otp_verify_malformed_short" time="0.041" /><testcase classname="backend.tests.test_iter18_onboarding_otp_stripe.TestOtp" name="test_otp_verify_malformed_non_digit" time="0.043" /><testcase classname="backend.tests.test_iter18_onboarding_otp_stripe.TestOtp" name="test_otp_verify_wrong_code_returns_401" time="1.567" /><testcase classname="backend.tests.test_iter18_onboarding_otp_stripe.TestOtp" name="test_otp_verify_lockout_after_5_wrong" time="2.877" /><testcase classname="backend.tests.test_iter18_onboarding_otp_stripe.TestPaymentsPlans" name="test_list_plans" time="0.043" /><testcase classname="backend.tests.test_iter18_onboarding_otp_stripe.TestStripeCheckout" name="test_create_checkout_session_pro" time="1.673" /><testcase classname="backend.tests.test_iter18_onboarding_otp_stripe.TestStripeCheckout" name="test_create_checkout_session_unauthenticated" time="0.041" /><testcase classname="backend.tests.test_iter18_onboarding_otp_stripe.TestStripeCheckout" name="test_checkout_status_invalid_session" time="0.405" /><testcase classname="backend.tests.test_iter18_onboarding_otp_stripe.TestStripeCheckout" name="test_checkout_status_valid_session" time="0.539" /><testcase classname="backend.tests.test_iter18_onboarding_otp_stripe.TestStripeCheckout" name="test_create_checkout_invalid_plan" time="0.470" /></testsuite></testsuites>