<?xml version="1.0" encoding="utf-8"?><testsuites name="pytest tests"><testsuite name="pytest" errors="0" failures="0" skipped="0" tests="8" time="4.985" timestamp="2026-06-12T17:09:00.257353+00:00" hostname="agent-env-7c30482d-bb2d-4e04-a282-f124a53f3860"><testcase classname="backend.tests.test_iter8_merge" name="test_merge_three_consecutive_same_client" time="1.520" /><testcase classname="backend.tests.test_iter8_merge" name="test_no_merge_when_stato_differs" time="0.605" /><testcase classname="backend.tests.test_iter8_merge" name="test_no_merge_with_time_gap" time="0.498" /><testcase classname="backend.tests.test_iter8_merge" name="test_no_merge_different_clients" time="0.545" /><testcase classname="backend.tests.test_iter8_merge" name="test_merge_concat_notes" time="0.498" /><testcase classname="backend.tests.test_iter8_merge" name="test_regression_pdf_periods_admin" time="0.313" /><testcase classname="backend.tests.test_iter8_merge" name="test_regression_pdf_docente_role" time="0.442" /><testcase classname="backend.tests.test_iter8_merge" name="test_regression_pdf_super_admin_forbidden" time="0.442" /></testsuite></testsuites>