<?xml version="1.0" encoding="utf-8"?><testsuites name="pytest tests"><testsuite name="pytest" errors="0" failures="0" skipped="0" tests="11" time="10.379" timestamp="2026-06-12T12:43:18.504973+00:00" hostname="agent-env-7c30482d-bb2d-4e04-a282-f124a53f3860"><testcase classname="backend.tests.test_iter4_features.TestCreateDocenteWithMaterie" name="test_create_with_2_materia_ids" time="1.652" /><testcase classname="backend.tests.test_iter4_features.TestCreateDocenteWithMaterie" name="test_create_without_materia_ids_has_none" time="0.649" /><testcase classname="backend.tests.test_iter4_features.TestCreateDocenteWithMaterie" name="test_create_with_empty_list" time="0.686" /><testcase classname="backend.tests.test_iter4_features.TestPatchDocenteWithMaterie" name="test_patch_replaces_associations" time="1.021" /><testcase classname="backend.tests.test_iter4_features.TestPatchDocenteWithMaterie" name="test_patch_empty_list_clears" time="0.808" /><testcase classname="backend.tests.test_iter4_features.TestPatchDocenteWithMaterie" name="test_patch_without_materia_ids_leaves_unchanged" time="0.781" /><testcase classname="backend.tests.test_iter4_features.TestPatchDocenteWithMaterie" name="test_patch_only_password" time="1.162" /><testcase classname="backend.tests.test_iter4_features.TestPatchDocenteWithMaterie" name="test_patch_base_fields_no_password" time="0.616" /><testcase classname="backend.tests.test_iter4_features.TestPatchDocenteWithMaterie" name="test_patch_password_and_materia_ids_together" time="1.267" /><testcase classname="backend.tests.test_iter4_features.TestDeleteCleanup" name="test_delete_docente_cleans_materie" time="1.152" /><testcase classname="backend.tests.test_iter4_features.TestDisponibilitaRegression" name="test_disponibilita_demo_today" time="0.405" /></testsuite></testsuites>