<?xml version="1.0" encoding="utf-8"?><testsuites name="pytest tests"><testsuite name="pytest" errors="0" failures="0" skipped="0" tests="11" time="5.734" timestamp="2026-06-12T11:03:53.752942+00:00" hostname="agent-env-7c30482d-bb2d-4e04-a282-f124a53f3860"><testcase classname="backend.tests.test_iter2_features.TestSlotMinuti" name="test_create_docente_with_slot_minuti" time="1.342" /><testcase classname="backend.tests.test_iter2_features.TestSlotMinuti" name="test_default_slot_minuti_is_60" time="0.449" /><testcase classname="backend.tests.test_iter2_features.TestDisponibilitaSlot" name="test_disponibilita_uses_docente_default_slot" time="0.332" /><testcase classname="backend.tests.test_iter2_features.TestDocenteAlunni" name="test_list_alunni_demo_docente_has_two" time="0.138" /><testcase classname="backend.tests.test_iter2_features.TestDocenteAlunni" name="test_docente_can_list_own_alunni" time="0.427" /><testcase classname="backend.tests.test_iter2_features.TestDocenteAlunni" name="test_docente_cannot_list_other_docente_alunni" time="0.520" /><testcase classname="backend.tests.test_iter2_features.TestDocenteAlunni" name="test_associa_disassocia_alunno" time="0.772" /><testcase classname="backend.tests.test_iter2_features.TestDocenteAlunni" name="test_delete_cliente_cleans_associations" time="0.419" /><testcase classname="backend.tests.test_iter2_features.TestDocenteAlunni" name="test_delete_docente_cleans_associations" time="0.935" /><testcase classname="backend.tests.test_iter2_features.TestClientiFilter" name="test_admin_clienti_filter_by_docente" time="0.241" /><testcase classname="backend.tests.test_iter2_features.TestClientiFilter" name="test_docente_sees_only_associated_clienti" time="0.096" /></testsuite></testsuites>