<?xml version="1.0" encoding="utf-8"?><testsuites name="pytest tests"><testsuite name="pytest" errors="0" failures="0" skipped="0" tests="22" time="7.539" timestamp="2026-06-12T10:45:36.956617+00:00" hostname="agent-env-7c30482d-bb2d-4e04-a282-f124a53f3860"><testcase classname="backend.tests.backend_test.TestAuth" name="test_login_admin" time="0.387" /><testcase classname="backend.tests.backend_test.TestAuth" name="test_login_docente" time="0.317" /><testcase classname="backend.tests.backend_test.TestAuth" name="test_login_super" time="0.335" /><testcase classname="backend.tests.backend_test.TestAuth" name="test_login_wrong_password" time="0.350" /><testcase classname="backend.tests.backend_test.TestAuth" name="test_me_with_token" time="0.428" /><testcase classname="backend.tests.backend_test.TestAuth" name="test_me_without_token" time="0.096" /><testcase classname="backend.tests.backend_test.TestRoleIsolation" name="test_docente_can_read_docenti" time="0.444" /><testcase classname="backend.tests.backend_test.TestRoleIsolation" name="test_docente_can_read_clienti" time="0.097" /><testcase classname="backend.tests.backend_test.TestRoleIsolation" name="test_docente_cannot_create_cliente" time="0.132" /><testcase classname="backend.tests.backend_test.TestRoleIsolation" name="test_docente_cannot_create_docente" time="0.102" /><testcase classname="backend.tests.backend_test.TestRoleIsolation" name="test_docente_cannot_create_studio" time="0.139" /><testcase classname="backend.tests.backend_test.TestStudiosAndScoping" name="test_super_list_studios" time="0.421" /><testcase classname="backend.tests.backend_test.TestStudiosAndScoping" name="test_admin_cannot_list_studios" time="0.153" /><testcase classname="backend.tests.backend_test.TestStudiosAndScoping" name="test_create_and_delete_studio_and_isolation" time="1.037" /><testcase classname="backend.tests.backend_test.TestClientiCRUD" name="test_crud_clienti" time="0.490" /><testcase classname="backend.tests.backend_test.TestDocentiCRUD" name="test_create_update_delete" time="0.723" /><testcase classname="backend.tests.backend_test.TestOrari" name="test_docente_lists_only_own" time="0.094" /><testcase classname="backend.tests.backend_test.TestOrari" name="test_docente_create_orario_and_invalid" time="0.300" /><testcase classname="backend.tests.backend_test.TestOrari" name="test_admin_creates_for_docente" time="0.293" /><testcase classname="backend.tests.backend_test.TestAppuntamenti" name="test_create_overlap_and_disponibilita" time="0.803" /><testcase classname="backend.tests.backend_test.TestDashboard" name="test_admin_stats" time="0.097" /><testcase classname="backend.tests.backend_test.TestDashboard" name="test_docente_stats" time="0.106" /></testsuite></testsuites>